::1 - - [22/Sep/2023:18:28:31 +0000] "GET /category HTTP/1.1" 200 8554
::1 - - [22/Sep/2023:18:28:31 +0000] "GET /css/bootstrap.min.css HTTP/1.1" 304 -
::1 - - [22/Sep/2023:18:28:31 +0000] "GET /css/style.css HTTP/1.1" 304 -
::1 - - [22/Sep/2023:18:28:31 +0000] "GET /js/bootstrap.min.js HTTP/1.1" 304 -
::1 - - [22/Sep/2023:18:28:31 +0000] "GET /fonts/glyphicons-halflings-regular.woff HTTP/1.1" 404 178
::1 - - [22/Sep/2023:18:28:31 +0000] "GET /fonts/glyphicons-halflings-regular.ttf HTTP/1.1" 404 177
::1 - - [22/Sep/2023:18:28:35 +0000] "GET /category HTTP/1.1" 304 -
::1 - - [22/Sep/2023:18:28:35 +0000] "GET /css/bootstrap.min.css HTTP/1.1" 304 -
::1 - - [22/Sep/2023:18:28:35 +0000] "GET /css/style.css HTTP/1.1" 304 -
::1 - - [22/Sep/2023:18:28:35 +0000] "GET /js/bootstrap.min.js HTTP/1.1" 304 -
::1 - - [22/Sep/2023:18:28:35 +0000] "GET /fonts/glyphicons-halflings-regular.woff HTTP/1.1" 404 178
::1 - - [22/Sep/2023:18:28:35 +0000] "GET /fonts/glyphicons-halflings-regular.ttf HTTP/1.1" 404 177
::1 - - [22/Sep/2023:18:28:36 +0000] "GET /category HTTP/1.1" 304 -
::1 - - [22/Sep/2023:18:28:36 +0000] "GET /css/bootstrap.min.css HTTP/1.1" 304 -
::1 - - [22/Sep/2023:18:28:36 +0000] "GET /css/style.css HTTP/1.1" 304 -
::1 - - [22/Sep/2023:18:28:36 +0000] "GET /js/bootstrap.min.js HTTP/1.1" 304 -
::1 - - [22/Sep/2023:18:28:36 +0000] "GET /fonts/glyphicons-halflings-regular.woff HTTP/1.1" 404 178
::1 - - [22/Sep/2023:18:28:36 +0000] "GET /fonts/glyphicons-halflings-regular.ttf HTTP/1.1" 404 177
::1 - - [22/Sep/2023:18:28:37 +0000] "GET /category HTTP/1.1" 304 -
::1 - - [22/Sep/2023:18:28:37 +0000] "GET /css/bootstrap.min.css HTTP/1.1" 304 -
::1 - - [22/Sep/2023:18:28:37 +0000] "GET /css/style.css HTTP/1.1" 304 -
::1 - - [22/Sep/2023:18:28:37 +0000] "GET /js/bootstrap.min.js HTTP/1.1" 304 -
::1 - - [22/Sep/2023:18:28:37 +0000] "GET /fonts/glyphicons-halflings-regular.woff HTTP/1.1" 404 178
::1 - - [22/Sep/2023:18:28:37 +0000] "GET /fonts/glyphicons-halflings-regular.ttf HTTP/1.1" 404 177
::1 - - [22/Sep/2023:18:28:38 +0000] "GET /category HTTP/1.1" 304 -
::1 - - [22/Sep/2023:18:28:38 +0000] "GET /css/bootstrap.min.css HTTP/1.1" 304 -
::1 - - [22/Sep/2023:18:28:38 +0000] "GET /css/style.css HTTP/1.1" 304 -
::1 - - [22/Sep/2023:18:28:38 +0000] "GET /js/bootstrap.min.js HTTP/1.1" 304 -
::1 - - [22/Sep/2023:18:28:38 +0000] "GET /fonts/glyphicons-halflings-regular.woff HTTP/1.1" 404 178
::1 - - [22/Sep/2023:18:28:38 +0000] "GET /fonts/glyphicons-halflings-regular.ttf HTTP/1.1" 404 177
::1 - - [22/Sep/2023:18:28:39 +0000] "GET / HTTP/1.1" 304 -
::1 - - [22/Sep/2023:18:28:39 +0000] "GET /css/bootstrap.min.css HTTP/1.1" 304 -
::1 - - [22/Sep/2023:18:28:39 +0000] "GET /css/style.css HTTP/1.1" 304 -
::1 - - [22/Sep/2023:18:28:39 +0000] "GET /js/bootstrap.min.js HTTP/1.1" 304 -
::1 - - [22/Sep/2023:18:28:39 +0000] "GET /fonts/glyphicons-halflings-regular.woff HTTP/1.1" 404 178
::1 - - [22/Sep/2023:18:28:39 +0000] "GET /fonts/glyphicons-halflings-regular.ttf HTTP/1.1" 404 177
::1 - - [22/Sep/2023:18:28:41 +0000] "GET /products HTTP/1.1" 304 -
::1 - - [22/Sep/2023:18:28:41 +0000] "GET /css/bootstrap.min.css HTTP/1.1" 304 -
::1 - - [22/Sep/2023:18:28:41 +0000] "GET /css/style.css HTTP/1.1" 304 -
::1 - - [22/Sep/2023:18:28:41 +0000] "GET /js/bootstrap.min.js HTTP/1.1" 304 -
::1 - - [22/Sep/2023:18:28:41 +0000] "GET /fonts/glyphicons-halflings-regular.woff HTTP/1.1" 404 178
::1 - - [22/Sep/2023:18:28:41 +0000] "GET /fonts/glyphicons-halflings-regular.ttf HTTP/1.1" 404 177
::1 - - [22/Sep/2023:18:28:42 +0000] "GET /category HTTP/1.1" 304 -
::1 - - [22/Sep/2023:18:28:42 +0000] "GET /css/bootstrap.min.css HTTP/1.1" 304 -
::1 - - [22/Sep/2023:18:28:42 +0000] "GET /css/style.css HTTP/1.1" 304 -
::1 - - [22/Sep/2023:18:28:42 +0000] "GET /js/bootstrap.min.js HTTP/1.1" 304 -
::1 - - [22/Sep/2023:18:28:42 +0000] "GET /fonts/glyphicons-halflings-regular.woff HTTP/1.1" 404 178
::1 - - [22/Sep/2023:18:28:42 +0000] "GET /fonts/glyphicons-halflings-regular.ttf HTTP/1.1" 404 177
::1 - - [22/Sep/2023:18:29:14 +0000] "GET /category HTTP/1.1" 200 8500
::1 - - [22/Sep/2023:18:29:14 +0000] "GET /css/bootstrap.min.css HTTP/1.1" 304 -
::1 - - [22/Sep/2023:18:29:14 +0000] "GET /css/style.css HTTP/1.1" 304 -
::1 - - [22/Sep/2023:18:29:14 +0000] "GET /js/bootstrap.min.js HTTP/1.1" 304 -
::1 - - [22/Sep/2023:18:29:14 +0000] "GET /fonts/glyphicons-halflings-regular.woff HTTP/1.1" 404 178
::1 - - [22/Sep/2023:18:29:14 +0000] "GET /fonts/glyphicons-halflings-regular.ttf HTTP/1.1" 404 177
::1 - - [22/Sep/2023:18:30:20 +0000] "GET /category HTTP/1.1" 200 8312
::1 - - [22/Sep/2023:18:30:20 +0000] "GET /css/bootstrap.min.css HTTP/1.1" 304 -
::1 - - [22/Sep/2023:18:30:20 +0000] "GET /css/style.css HTTP/1.1" 304 -
::1 - - [22/Sep/2023:18:30:20 +0000] "GET /js/bootstrap.min.js HTTP/1.1" 304 -
::1 - - [22/Sep/2023:18:30:20 +0000] "GET /fonts/glyphicons-halflings-regular.woff HTTP/1.1" 404 178
::1 - - [22/Sep/2023:18:30:20 +0000] "GET /fonts/glyphicons-halflings-regular.ttf HTTP/1.1" 404 177
::1 - - [22/Sep/2023:18:30:21 +0000] "GET /category HTTP/1.1" 304 -
::1 - - [22/Sep/2023:18:30:21 +0000] "GET /css/bootstrap.min.css HTTP/1.1" 304 -
::1 - - [22/Sep/2023:18:30:21 +0000] "GET /css/style.css HTTP/1.1" 304 -
::1 - - [22/Sep/2023:18:30:21 +0000] "GET /js/bootstrap.min.js HTTP/1.1" 304 -
::1 - - [22/Sep/2023:18:30:21 +0000] "GET /fonts/glyphicons-halflings-regular.woff HTTP/1.1" 404 178
::1 - - [22/Sep/2023:18:30:21 +0000] "GET /fonts/glyphicons-halflings-regular.ttf HTTP/1.1" 404 177
::1 - - [22/Sep/2023:18:30:58 +0000] "GET /category HTTP/1.1" 200 8276
::1 - - [22/Sep/2023:18:30:59 +0000] "GET /css/bootstrap.min.css HTTP/1.1" 304 -
::1 - - [22/Sep/2023:18:30:59 +0000] "GET /css/style.css HTTP/1.1" 304 -
::1 - - [22/Sep/2023:18:30:59 +0000] "GET /js/bootstrap.min.js HTTP/1.1" 304 -
::1 - - [22/Sep/2023:18:30:59 +0000] "GET /fonts/glyphicons-halflings-regular.woff HTTP/1.1" 404 178
::1 - - [22/Sep/2023:18:30:59 +0000] "GET /fonts/glyphicons-halflings-regular.ttf HTTP/1.1" 404 177
::1 - - [22/Sep/2023:18:31:00 +0000] "GET /category HTTP/1.1" 304 -
::1 - - [22/Sep/2023:18:31:00 +0000] "GET /css/bootstrap.min.css HTTP/1.1" 304 -
::1 - - [22/Sep/2023:18:31:00 +0000] "GET /css/style.css HTTP/1.1" 304 -
::1 - - [22/Sep/2023:18:31:00 +0000] "GET /js/bootstrap.min.js HTTP/1.1" 304 -
::1 - - [22/Sep/2023:18:31:00 +0000] "GET /fonts/glyphicons-halflings-regular.woff HTTP/1.1" 404 178
::1 - - [22/Sep/2023:18:31:00 +0000] "GET /fonts/glyphicons-halflings-regular.ttf HTTP/1.1" 404 177
::1 - - [22/Sep/2023:18:31:11 +0000] "GET /category HTTP/1.1" 200 8208
::1 - - [22/Sep/2023:18:31:11 +0000] "GET /css/bootstrap.min.css HTTP/1.1" 304 -
::1 - - [22/Sep/2023:18:31:11 +0000] "GET /css/style.css HTTP/1.1" 304 -
::1 - - [22/Sep/2023:18:31:11 +0000] "GET /js/bootstrap.min.js HTTP/1.1" 304 -
::1 - - [22/Sep/2023:18:31:11 +0000] "GET /fonts/glyphicons-halflings-regular.woff HTTP/1.1" 404 178
::1 - - [22/Sep/2023:18:31:11 +0000] "GET /fonts/glyphicons-halflings-regular.ttf HTTP/1.1" 404 177
::1 - - [22/Sep/2023:18:32:15 +0000] "GET /category HTTP/1.1" 304 -
::1 - - [22/Sep/2023:18:32:15 +0000] "GET /css/bootstrap.min.css HTTP/1.1" 304 -
::1 - - [22/Sep/2023:18:32:15 +0000] "GET /css/style.css HTTP/1.1" 304 -
::1 - - [22/Sep/2023:18:32:15 +0000] "GET /js/bootstrap.min.js HTTP/1.1" 304 -
::1 - - [22/Sep/2023:18:32:15 +0000] "GET /fonts/glyphicons-halflings-regular.woff HTTP/1.1" 404 178
::1 - - [22/Sep/2023:18:32:15 +0000] "GET /fonts/glyphicons-halflings-regular.ttf HTTP/1.1" 404 177
::1 - - [22/Sep/2023:18:32:16 +0000] "GET / HTTP/1.1" 304 -
::1 - - [22/Sep/2023:18:32:16 +0000] "GET /css/bootstrap.min.css HTTP/1.1" 304 -
::1 - - [22/Sep/2023:18:32:16 +0000] "GET /css/style.css HTTP/1.1" 304 -
::1 - - [22/Sep/2023:18:32:16 +0000] "GET /js/bootstrap.min.js HTTP/1.1" 304 -
::1 - - [22/Sep/2023:18:32:16 +0000] "GET /fonts/glyphicons-halflings-regular.woff HTTP/1.1" 404 178
::1 - - [22/Sep/2023:18:32:16 +0000] "GET /fonts/glyphicons-halflings-regular.ttf HTTP/1.1" 404 177
::1 - - [22/Sep/2023:18:32:21 +0000] "GET /category HTTP/1.1" 304 -
::1 - - [22/Sep/2023:18:32:21 +0000] "GET /css/bootstrap.min.css HTTP/1.1" 304 -
::1 - - [22/Sep/2023:18:32:21 +0000] "GET /css/style.css HTTP/1.1" 304 -
::1 - - [22/Sep/2023:18:32:21 +0000] "GET /js/bootstrap.min.js HTTP/1.1" 304 -
::1 - - [22/Sep/2023:18:32:21 +0000] "GET /fonts/glyphicons-halflings-regular.woff HTTP/1.1" 404 178
::1 - - [22/Sep/2023:18:32:21 +0000] "GET /fonts/glyphicons-halflings-regular.ttf HTTP/1.1" 404 177
::1 - - [22/Sep/2023:18:32:22 +0000] "GET /products HTTP/1.1" 304 -
::1 - - [22/Sep/2023:18:32:22 +0000] "GET /css/bootstrap.min.css HTTP/1.1" 304 -
::1 - - [22/Sep/2023:18:32:22 +0000] "GET /css/style.css HTTP/1.1" 304 -
::1 - - [22/Sep/2023:18:32:22 +0000] "GET /js/bootstrap.min.js HTTP/1.1" 304 -
::1 - - [22/Sep/2023:18:32:23 +0000] "GET /fonts/glyphicons-halflings-regular.woff HTTP/1.1" 404 178
::1 - - [22/Sep/2023:18:32:23 +0000] "GET /fonts/glyphicons-halflings-regular.ttf HTTP/1.1" 404 177
